<?xml version="1.0" encoding="UTF-8"?>
<!-- Generated by org.testng.reporters.JUnitReportReporter -->
<testsuite skipped="0" hostname="DWANKHEDE2L2" name="BasicAnnotation.Testing1" tests="2" failures="0" timestamp="03 Mar 2019 07:01:35 GMT" time="0.006" errors="0">
  <testcase name="test1" time="0.004" classname="BasicAnnotation.Testing1"/>
  <testcase name="test2" time="0.002" classname="BasicAnnotation.Testing1"/>
</testsuite> <!-- BasicAnnotation.Testing1 -->
