<?xml version="1.0" encoding="UTF-8"?>
<!-- Generated by org.testng.reporters.JUnitReportReporter -->
<testsuite skipped="0" hostname="DWANKHEDE2L2" name="BasicAnnotation.Module2" tests="2" failures="0" timestamp="03 Mar 2019 07:14:00 GMT" time="0.004" errors="0">
  <testcase name="test3" time="0.002" classname="BasicAnnotation.Module2"/>
  <testcase name="test4" time="0.002" classname="BasicAnnotation.Module2"/>
</testsuite> <!-- BasicAnnotation.Module2 -->
