<?xml version="1.0" encoding="UTF-8"?>
<!-- Generated by org.testng.reporters.JUnitReportReporter -->
<testsuite skipped="0" hostname="DWANKHEDE2L2" name="BasicAnnotation.Module1" tests="2" failures="0" timestamp="03 Mar 2019 07:14:00 GMT" time="0.005" errors="0">
  <testcase name="test2" time="0.002" classname="BasicAnnotation.Module1"/>
  <testcase name="test1" time="0.003" classname="BasicAnnotation.Module1"/>
</testsuite> <!-- BasicAnnotation.Module1 -->
